libraryBarQRcodeScanner/build/intermediates/proguard-rules/release/aapt_rules.txt
# view AndroidManifest.xml #generated:72
-keep class com.google.zxing.client.android.CaptureActivity { <init>(...); }

# view AndroidManifest.xml #generated:220
-keep class com.google.zxing.client.android.HelpActivity { <init>(...); }

# view AndroidManifest.xml #generated:137
-keep class com.google.zxing.client.android.PreferencesActivity { <init>(...); }

# view ldpi-v4/res/layout-ldpi-v4/capture.xml #generated:23
# view res/layout/capture.xml #generated:23
-keep class com.google.zxing.client.android.ViewfinderView { <init>(...); }

# view AndroidManifest.xml #generated:167
-keep class com.google.zxing.client.android.book.SearchBookContentsActivity { <init>(...); }

# view res/layout/search_book_contents_list_item.xml #generated:17
-keep class com.google.zxing.client.android.book.SearchBookContentsListItem { <init>(...); }

# view AndroidManifest.xml #generated:142
-keep class com.google.zxing.client.android.encode.EncodeActivity { <init>(...); }

# view AndroidManifest.xml #generated:189
-keep class com.google.zxing.client.android.history.HistoryActivity { <init>(...); }

# view AndroidManifest.xml #generated:209
-keep class com.google.zxing.client.android.share.AppPickerActivity { <init>(...); }

# view AndroidManifest.xml #generated:199
-keep class com.google.zxing.client.android.share.BookmarkPickerActivity { <init>(...); }

# view AndroidManifest.xml #generated:179
-keep class com.google.zxing.client.android.share.ShareActivity { <init>(...); }