libraryBarQRcodeScanner/build/outputs/mapping/release/usage.txt
com.google.zxing.client.android.AmbientLightManager:
    private static final float TOO_DARK_LUX
    private static final float BRIGHT_ENOUGH_LUX
com.google.zxing.client.android.BeepManager:
    private static final float BEEP_VOLUME
    private static final long VIBRATE_DURATION
com.google.zxing.client.android.BuildConfig
com.google.zxing.client.android.CaptureActivity:
    private static final long DEFAULT_INTENT_RESULT_DURATION_MS
    private static final long BULK_MODE_SCAN_DELAY_MS
    public static final int HISTORY_REQUEST_CODE
com.google.zxing.client.android.Contents:
    public static final java.lang.String URL_KEY
    public static final java.lang.String NOTE_KEY
    27:28:private Contents()
com.google.zxing.client.android.Contents$Type
com.google.zxing.client.android.DecodeFormatManager:
    45:46:private DecodeFormatManager()
com.google.zxing.client.android.DecodeThread:
    public static final java.lang.String BARCODE_BITMAP
    public static final java.lang.String BARCODE_SCALED_FACTOR
com.google.zxing.client.android.InactivityTimer:
    private static final long INACTIVITY_DELAY_MS
com.google.zxing.client.android.Intents
com.google.zxing.client.android.Intents$Encode
com.google.zxing.client.android.Intents$History
com.google.zxing.client.android.Intents$Scan
com.google.zxing.client.android.Intents$SearchBookContents
com.google.zxing.client.android.Intents$Share
com.google.zxing.client.android.Intents$WifiConnect
com.google.zxing.client.android.LocaleManager:
    private static final java.lang.String DEFAULT_TLD
    private static final java.lang.String DEFAULT_COUNTRY
    private static final java.lang.String DEFAULT_LANGUAGE
    108:109:private LocaleManager()
com.google.zxing.client.android.PreferencesActivity:
    public static final java.lang.String KEY_DECODE_1D
    public static final java.lang.String KEY_DECODE_QR
    public static final java.lang.String KEY_DECODE_DATA_MATRIX
    public static final java.lang.String KEY_CUSTOM_PRODUCT_SEARCH
    public static final java.lang.String KEY_PLAY_BEEP
    public static final java.lang.String KEY_VIBRATE
    public static final java.lang.String KEY_COPY_TO_CLIPBOARD
    public static final java.lang.String KEY_FRONT_LIGHT_MODE
    public static final java.lang.String KEY_BULK_MODE
    public static final java.lang.String KEY_REMEMBER_DUPLICATES
    public static final java.lang.String KEY_SUPPLEMENTAL
    public static final java.lang.String KEY_AUTO_FOCUS
    public static final java.lang.String KEY_INVERT_SCAN
    public static final java.lang.String KEY_SEARCH_COUNTRY
    public static final java.lang.String KEY_DISABLE_CONTINUOUS_FOCUS
com.google.zxing.client.android.ScanFromWebPageManager:
    private static final java.lang.String RETURN_URL_PARAM
    private static final java.lang.String RAW_PARAM
com.google.zxing.client.android.ViewfinderView:
    private static final long ANIMATION_DELAY
    private static final int CURRENT_POINT_OPACITY
    private static final int MAX_RESULT_POINTS
    private static final int POINT_SIZE
com.google.zxing.client.android.camera.AutoFocusManager:
    private static final long AUTO_FOCUS_INTERVAL_MS
com.google.zxing.client.android.camera.CameraConfigurationManager:
    private static final java.lang.String TAG
    private static final int MIN_PREVIEW_PIXELS
    private static final double MAX_ASPECT_DISTORTION
com.google.zxing.client.android.camera.CameraManager:
    private static final int MIN_FRAME_WIDTH
    private static final int MIN_FRAME_HEIGHT
    private static final int MAX_FRAME_WIDTH
    private static final int MAX_FRAME_HEIGHT
com.google.zxing.client.android.encode.EncodeActivity:
    private static final int MAX_BARCODE_FILENAME_LENGTH
    private static final java.lang.String USE_VCARD_KEY
com.google.zxing.client.android.encode.MECARDContactEncoder:
    private static final char TERMINATOR
...
com.google.zxing.client.result.URIParsedResult:
    42:42:public java.lang.String getTitle()
    54:54:public boolean isPossiblyMaliciousURI()
com.google.zxing.client.result.VINParsedResult:
    55:55:public java.lang.String getVIN()
    59:59:public java.lang.String getWorldManufacturerID()
    63:63:public java.lang.String getVehicleDescriptorSection()
    67:67:public java.lang.String getVehicleIdentifierSection()
    71:71:public java.lang.String getCountryCode()
    75:75:public java.lang.String getVehicleAttributes()
    79:79:public int getModelYear()
    83:83:public char getPlantCode()
    87:87:public java.lang.String getSequentialNumber()
com.google.zxing.client.result.WifiParsedResult:
    30:31:public WifiParsedResult(java.lang.String,java.lang.String,java.lang.String)
com.google.zxing.common.BitArray:
    86:87:public void flip(int)
    152:175:public void setRange(int,int)
com.google.zxing.common.DecoderResult:
    78:78:public java.lang.Integer getErrorsCorrected()
    86:86:public java.lang.Integer getErasures()
com.google.zxing.common.GlobalHistogramBinarizer:
    private static final int LUMINANCE_BITS
    private static final int LUMINANCE_SHIFT
    private static final int LUMINANCE_BUCKETS
com.google.zxing.common.GridSampler:
    48:49:public static void setGridSampler(com.google.zxing.common.GridSampler)
com.google.zxing.common.HybridBinarizer:
    private static final int BLOCK_SIZE_POWER
    private static final int BLOCK_SIZE
    private static final int BLOCK_SIZE_MASK
    private static final int MINIMUM_DIMENSION
    private static final int MIN_DYNAMIC_RANGE
com.google.zxing.common.PerspectiveTransform:
    88:96:public void transformPoints(float[],float[])
com.google.zxing.common.StringUtils:
    public static final java.lang.String SHIFT_JIS
    public static final java.lang.String GB2312
    private static final java.lang.String EUC_JP
    private static final java.lang.String UTF8
    private static final java.lang.String ISO88591
    42:42:private StringUtils()
com.google.zxing.common.detector.MathUtils:
    21:22:private MathUtils()
com.google.zxing.common.detector.MonochromeRectangleDetector
com.google.zxing.common.detector.WhiteRectangleDetector:
    private static final int INIT_SIZE
    private static final int CORR
com.google.zxing.common.reedsolomon.GenericGF:
    private static final int INITIALIZATION_THRESHOLD
com.google.zxing.datamatrix.DataMatrixReader:
    59:59:public com.google.zxing.Result decode(com.google.zxing.BinaryBitmap)
com.google.zxing.datamatrix.DataMatrixWriter:
    43:43:public com.google.zxing.common.BitMatrix encode(java.lang.String,com.google.zxing.BarcodeFormat,int,int)
com.google.zxing.datamatrix.decoder.DecodedBitStreamParser:
    79:80:private DecodedBitStreamParser()
com.google.zxing.datamatrix.decoder.Decoder:
    51:60:public com.google.zxing.common.DecoderResult decode(boolean[][])
com.google.zxing.datamatrix.encoder.DefaultPlacement:
    47:47:final int getNumrows()
    51:51:final int getNumcols()
    55:55:final byte[] getBits()
com.google.zxing.datamatrix.encoder.Encoder:
    public abstract int getEncodingMode()
com.google.zxing.datamatrix.encoder.EncoderContext:
    74:74:public char getCurrent()
com.google.zxing.datamatrix.encoder.ErrorCorrection:
    private static final int MODULO_VALUE
    91:92:private ErrorCorrection()